app/build/outputs/logs/manifest-merger-release-report.txt
-- Merging decision tree log ---
manifest
ADDED from src/main/AndroidManifest.xml:2:1-105:12
	package
		ADDED from src/main/AndroidManifest.xml:3:5-38
		INJECTED from src/main/AndroidManifest.xml
		INJECTED from src/main/AndroidManifest.xml
	android:versionName
		INJECTED from src/main/AndroidManifest.xml
		INJECTED from src/main/AndroidManifest.xml
	xmlns:android
		ADDED from src/main/AndroidManifest.xml:2:11-69
	android:versionCode
		INJECTED from src/main/AndroidManifest.xml
		INJECTED from src/main/AndroidManifest.xml
uses-permission#android.permission.INTERNET
ADDED from src/main/AndroidManifest.xml:5:5-67
	android:name
		ADDED from src/main/AndroidManifest.xml:5:22-64
uses-permission#android.permission.READ_PHONE_STATE
ADDED from src/main/AndroidManifest.xml:6:5-75
	android:name
		ADDED from src/main/AndroidManifest.xml:6:22-72
uses-permission#android.permission.ACCESS_FINE_LOCATION
ADDED from src/main/AndroidManifest.xml:7:5-79
	android:name
		ADDED from src/main/AndroidManifest.xml:7:22-76
uses-permission#android.permission.ACCESS_COARSE_LOCATION
ADDED from src/main/AndroidManifest.xml:8:5-81
	android:name
		ADDED from src/main/AndroidManifest.xml:8:22-78
uses-permission#android.permission.WRITE_EXTERNAL_STORAGE
ADDED from src/main/AndroidManifest.xml:9:5-81
	android:name
		ADDED from src/main/AndroidManifest.xml:9:22-78
uses-permission#android.permission.ACCESS_NETWORK_STATE
ADDED from src/main/AndroidManifest.xml:10:5-79
	android:name
		ADDED from src/main/AndroidManifest.xml:10:22-76
uses-permission#android.permission.CHANGE_NETWORK_STATE
ADDED from src/main/AndroidManifest.xml:11:5-79
	android:name
		ADDED from src/main/AndroidManifest.xml:11:22-76
uses-permission#com.google.android.providers.gsf.permission.READ_GSERVICES
ADDED from src/main/AndroidManifest.xml:12:5-98
	android:name
		ADDED from src/main/AndroidManifest.xml:12:22-95
application
ADDED from src/main/AndroidManifest.xml:14:5-103:19
MERGED from [com.android.support:design:23.1.1] AndroidManifest.xml:22:5-20
MERGED from [com.android.support:cardview-v7:23.1.1] AndroidManifest.xml:22:5-20
MERGED from [com.google.android.gms:play-services:6.1.71] AndroidManifest.xml:16:5-19
MERGED from [Usuario:library:unspecified] AndroidManifest.xml:11:5-15:19
MERGED from [com.android.support:appcompat-v7:23.1.1] AndroidManifest.xml:22:5-20
MERGED from [com.android.support:support-v4:23.1.1] AndroidManifest.xml:22:5-20
	android:label
		ADDED from src/main/AndroidManifest.xml:18:9-41
	android:supportsRtl
		ADDED from src/main/AndroidManifest.xml:19:9-35
	android:allowBackup
		ADDED from src/main/AndroidManifest.xml:16:9-35
	android:icon
		ADDED from src/main/AndroidManifest.xml:17:9-43
	android:theme
		ADDED from src/main/AndroidManifest.xml:20:9-40
	android:name
		ADDED from src/main/AndroidManifest.xml:15:9-59
uses-library#com.google.android.maps
ADDED from src/main/AndroidManifest.xml:21:9-23:39
	android:required
		ADDED from src/main/AndroidManifest.xml:23:13-36
	android:name
		ADDED from src/main/AndroidManifest.xml:22:13-51
meta-data#com.google.android.gms.version
ADDED from src/main/AndroidManifest.xml:24:9-26:69
	android:value
		ADDED from src/main/AndroidManifest.xml:26:13-66
	android:name
		ADDED from src/main/AndroidManifest.xml:25:13-58
meta-data#com.google.android.geo.API_KEY
ADDED from src/main/AndroidManifest.xml:27:9-29:55
	android:value
		ADDED from src/main/AndroidManifest.xml:29:13-52
	android:name
		ADDED from src/main/AndroidManifest.xml:28:13-58
activity#br.com.wasys.gn.usuario.activities.MainActivity
ADDED from src/main/AndroidManifest.xml:31:9-35:59
	android:screenOrientation
		ADDED from src/main/AndroidManifest.xml:34:13-49
	android:label
		ADDED from src/main/AndroidManifest.xml:33:13-45
	android:theme
		ADDED from src/main/AndroidManifest.xml:35:13-56
	android:name
		ADDED from src/main/AndroidManifest.xml:32:13-75
activity#br.com.wasys.gn.usuario.activities.LoginActivity
ADDED from src/main/AndroidManifest.xml:36:9-39:58
	android:screenOrientation
		ADDED from src/main/AndroidManifest.xml:38:13-49
	android:theme
		ADDED from src/main/AndroidManifest.xml:39:13-55
	android:name
		ADDED from src/main/AndroidManifest.xml:37:13-76
activity#br.com.wasys.gn.usuario.activities.TermosDeUsoActivity
ADDED from src/main/AndroidManifest.xml:40:9-42:52
	android:screenOrientation
		ADDED from src/main/AndroidManifest.xml:42:13-49
	android:name
		ADDED from src/main/AndroidManifest.xml:41:13-82
activity#br.com.wasys.gn.usuario.activities.TutorialActivity
ADDED from src/main/AndroidManifest.xml:43:9-45:52
	android:screenOrientation
		ADDED from src/main/AndroidManifest.xml:45:13-49
	android:name
		ADDED from src/main/AndroidManifest.xml:44:13-79
activity#br.com.wasys.gn.usuario.activities.MenuActivity
ADDED from src/main/AndroidManifest.xml:46:9-50:59
	android:screenOrientation
		ADDED from src/main/AndroidManifest.xml:49:13-49
	android:label
		ADDED from src/main/AndroidManifest.xml:48:13-56
	android:theme
		ADDED from src/main/AndroidManifest.xml:50:13-56
	android:name
		ADDED from src/main/AndroidManifest.xml:47:13-75
activity#br.com.wasys.gn.usuario.activities.EscolherTransporteActivity
ADDED from src/main/AndroidManifest.xml:51:9-53:52
	android:screenOrientation
		ADDED from src/main/AndroidManifest.xml:53:13-49
	android:name
		ADDED from src/main/AndroidManifest.xml:52:13-89
activity#br.com.wasys.gn.usuario.activities.AvaliarMotoristaActivity
ADDED from src/main/AndroidManifest.xml:54:9-56:52
	android:screenOrientation
		ADDED from src/main/AndroidManifest.xml:56:13-49
	android:name
		ADDED from src/main/AndroidManifest.xml:55:13-87
activity#br.com.wasys.gn.usuario.activities.DetalheAgendamentoActivity
ADDED from src/main/AndroidManifest.xml:57:9-59:52
	android:screenOrientation
		ADDED from src/main/AndroidManifest.xml:59:13-49
	android:name
		ADDED from src/main/AndroidManifest.xml:58:13-89
activity#br.com.wasys.gn.usuario.activities.EsqueciMinhaSenhaActivity
ADDED from src/main/AndroidManifest.xml:60:9-62:52
	android:screenOrientation
		ADDED from src/main/AndroidManifest.xml:62:13-49
	android:name
		ADDED from src/main/AndroidManifest.xml:61:13-88
activity#br.com.wasys.gn.usuario.activities.AdicionarTrechoActivity
ADDED from src/main/AndroidManifest.xml:63:9-65:52
	android:screenOrientation
		ADDED from src/main/AndroidManifest.xml:65:13-49
	android:name
		ADDED from src/main/AndroidManifest.xml:64:13-86
activity#br.com.wasys.gn.usuario.activities.AvaliacaoMotoristaActivity
ADDED from src/main/AndroidManifest.xml:66:9-68:52
	android:screenOrientation
		ADDED from src/main/AndroidManifest.xml:68:13-49
	android:name
		ADDED from src/main/AndroidManifest.xml:67:13-89
activity#br.com.wasys.gn.usuario.activities.AgendarParaTerceirosActivity
ADDED from src/main/AndroidManifest.xml:69:9-71:52
	android:screenOrientation
		ADDED from src/main/AndroidManifest.xml:71:13-49
	android:name
		ADDED from src/main/AndroidManifest.xml:70:13-91
activity#br.com.wasys.gn.usuario.activities.HistoricoEnderecoActivity
ADDED from src/main/AndroidManifest.xml:72:9-74:52
	android:screenOrientation
		ADDED from src/main/AndroidManifest.xml:74:13-49
	android:name
		ADDED from src/main/AndroidManifest.xml:73:13-88
activity#br.com.wasys.gn.usuario.activities.HistoricoTransportesActivity
ADDED from src/main/AndroidManifest.xml:75:9-77:52
	android:screenOrientation
		ADDED from src/main/AndroidManifest.xml:77:13-49
	android:name
		ADDED from src/main/AndroidManifest.xml:76:13-91
activity#br.com.wasys.gn.usuario.activities.TransladoActivity
ADDED from src/main/AndroidManifest.xml:78:9-80:52
	android:screenOrientation
		ADDED from src/main/AndroidManifest.xml:80:13-49
	android:name
		ADDED from src/main/AndroidManifest.xml:79:13-80
activity#br.com.wasys.gn.usuario.activities.ConfirmarTransladoDetalhesActivity
ADDED from src/main/AndroidManifest.xml:81:9-83:52
	android:screenOrientation
		ADDED from src/main/AndroidManifest.xml:83:13-49
	android:name
		ADDED from src/main/AndroidManifest.xml:82:13-97
activity#br.com.wasys.gn.usuario.activities.PrimeiroAcessoActivity
ADDED from src/main/AndroidManifest.xml:84:9-93:20
	android:screenOrientation
		ADDED from src/main/AndroidManifest.xml:87:13-49
	android:theme
		ADDED from src/main/AndroidManifest.xml:86:13-55
	android:name
		ADDED from src/main/AndroidManifest.xml:85:13-85
intent-filter#android.intent.action.MAIN+android.intent.category.DEFAULT+android.intent.category.LAUNCHER
ADDED from src/main/AndroidManifest.xml:88:13-92:29
action#android.intent.action.MAIN
ADDED from src/main/AndroidManifest.xml:89:17-69
	android:name
		ADDED from src/main/AndroidManifest.xml:89:25-66
category#android.intent.category.DEFAULT
ADDED from src/main/AndroidManifest.xml:90:17-76
	android:name
		ADDED from src/main/AndroidManifest.xml:90:27-73
category#android.intent.category.LAUNCHER
ADDED from src/main/AndroidManifest.xml:91:17-77
	android:name
		ADDED from src/main/AndroidManifest.xml:91:27-74
activity#br.com.wasys.gn.usuario.activities.SolicitacaoActivity
ADDED from src/main/AndroidManifest.xml:94:9-102:20
	android:screenOrientation
		ADDED from src/main/AndroidManifest.xml:96:13-49
	android:theme
		ADDED from src/main/AndroidManifest.xml:97:13-56
	android:name
		ADDED from src/main/AndroidManifest.xml:95:13-82
uses-sdk
INJECTED from src/main/AndroidManifest.xml reason: use-sdk injection requested
MERGED from [com.android.support:design:23.1.1] AndroidManifest.xml:20:5-43
MERGED from [com.android.support:recyclerview-v7:23.1.1] AndroidManifest.xml:20:5-43
MERGED from [com.android.support:cardview-v7:23.1.1] AndroidManifest.xml:20:5-43
MERGED from [com.github.JakeWharton:ViewPagerIndicator:2.4.1] AndroidManifest.xml:7:5-9:41
MERGED from [com.google.android.gms:play-services:6.1.71] AndroidManifest.xml:15:5-42
MERGED from [Usuario:library:unspecified] AndroidManifest.xml:7:5-9:41
MERGED from [com.android.support:appcompat-v7:23.1.1] AndroidManifest.xml:20:5-43
MERGED from [com.android.support:support-v4:23.1.1] AndroidManifest.xml:20:5-43
	android:targetSdkVersion
		INJECTED from src/main/AndroidManifest.xml
		INJECTED from src/main/AndroidManifest.xml
	android:minSdkVersion
		INJECTED from src/main/AndroidManifest.xml
		INJECTED from src/main/AndroidManifest.xml